This file contains any messages produced by compilers while
running configure, to aid debugging if configure makes a mistake.

It was created by configure, which was
generated by GNU Autoconf 2.61.  Invocation command line was

  $ ./configure --host=xenon --disable-pthread --prefix=/usr/local/xenon/usr CC=xenon-gcc LD=xenon-ld LDFLAGS=-L/usr/local/xenon/usr/lib/ -L/usr/local/xenon/xenon/lib/32/ -lxenon -T/usr/local/xenon/app.lds -u read -u _start -u exc_base CFLAGS=-mcpu=cell -mtune=cell -m32 -fno-pic -mpowerpc64 -I/usr/local/xenon/usr/include/ host_alias=xenon --no-create --no-recursion

## --------- ##
## Platform. ##
## --------- ##

hostname = debian
uname -m = x86_64
uname -r = 3.2.0-3-amd64
uname -s = Linux
uname -v = #1 SMP Thu Jun 28 09:07:26 UTC 2012

/usr/bin/uname -p = unknown
/bin/uname -X     = unknown

/bin/arch              = unknown
/usr/bin/arch -k       = unknown
/usr/convex/getsysinfo = unknown
/usr/bin/hostinfo      = unknown
/bin/machine           = unknown
/usr/bin/oslevel       = unknown
/bin/universe          = unknown

PATH: /usr/local/bin
PATH: /usr/bin
PATH: /bin
PATH: /usr/local/games
PATH: /usr/games
PATH: /usr/local/xenon/bin
PATH: /usr/local/xenon/usr/bin


## ----------- ##
## Core tests. ##
## ----------- ##

configure:1795: checking for xenon-gcc
configure:1822: result: xenon-gcc
configure:2100: checking for C compiler version
configure:2107: xenon-gcc --version >&5
xenon-gcc (GCC) 4.6.1
Copyright (C) 2011 Free Software Foundation, Inc.
This is free software; see the source for copying conditions.  There is NO
warranty; not even for MERCHANTABILITY or FITNESS FOR A PARTICULAR PURPOSE.

configure:2110: $? = 0
configure:2117: xenon-gcc -v >&5
Using built-in specs.
COLLECT_GCC=xenon-gcc
COLLECT_LTO_WRAPPER=/usr/local/xenon/libexec/gcc/xenon/4.6.1/lto-wrapper
Target: xenon
Configured with: ../gcc-4.6.1/configure --target=xenon --prefix=/usr/local/xenon --with-libiconv-prefix=/opt/local --with-cpu=cell --with-gmp=/opt/local --with-mpfr=/opt/local --disable-decimal-float --disable-libquadmath --enable-languages=c,c++ --disable-libssp --with-newlib --enable-cxx-flags=-G0 --disable-libmudflap --disable-nls --disable-shared --disable-linux-futex --enable-altivec --disable-threads --disable-libgomp
Thread model: single
gcc version 4.6.1 (GCC) 
configure:2120: $? = 0
configure:2127: xenon-gcc -V >&5
xenon-gcc: error: unrecognized option '-V'
xenon-gcc: fatal error: no input files
compilation terminated.
configure:2130: $? = 1
configure:2153: checking for C compiler default output file name
configure:2180: xenon-gcc -mcpu=cell -mtune=cell -m32 -fno-pic -mpowerpc64 -I/usr/local/xenon/usr/include/  -L/usr/local/xenon/usr/lib/ -L/usr/local/xenon/xenon/lib/32/ -lxenon -T/usr/local/xenon/app.lds -u read -u _start -u exc_base conftest.c  >&5
configure:2183: $? = 0
configure:2221: result: a.out
configure:2238: checking whether the C compiler works
configure:2248: ./a.out
./configure: line 2249: ./a.out: cannot execute binary file
configure:2251: $? = 126
configure:2268: result: yes
configure:2275: checking whether we are cross compiling
configure:2277: result: yes
configure:2280: checking for suffix of executables
configure:2287: xenon-gcc -o conftest -mcpu=cell -mtune=cell -m32 -fno-pic -mpowerpc64 -I/usr/local/xenon/usr/include/  -L/usr/local/xenon/usr/lib/ -L/usr/local/xenon/xenon/lib/32/ -lxenon -T/usr/local/xenon/app.lds -u read -u _start -u exc_base conftest.c  >&5
configure:2290: $? = 0
configure:2314: result: 
configure:2320: checking for suffix of object files
configure:2346: xenon-gcc -c -mcpu=cell -mtune=cell -m32 -fno-pic -mpowerpc64 -I/usr/local/xenon/usr/include/  conftest.c >&5
configure:2349: $? = 0
configure:2372: result: o
configure:2376: checking whether we are using the GNU C compiler
configure:2405: xenon-gcc -c -mcpu=cell -mtune=cell -m32 -fno-pic -mpowerpc64 -I/usr/local/xenon/usr/include/  conftest.c >&5
configure:2411: $? = 0
configure:2428: result: yes
configure:2433: checking whether xenon-gcc accepts -g
configure:2463: xenon-gcc -c -g  conftest.c >&5
configure:2469: $? = 0
configure:2568: result: yes
configure:2585: checking for xenon-gcc option to accept ISO C89
configure:2659: xenon-gcc  -c -mcpu=cell -mtune=cell -m32 -fno-pic -mpowerpc64 -I/usr/local/xenon/usr/include/  conftest.c >&5
configure:2665: $? = 0
configure:2688: result: none needed
configure:2720: checking for xenon-g++
configure:2736: found /usr/local/xenon/bin/xenon-g++
configure:2747: result: xenon-g++
configure:2822: checking for C++ compiler version
configure:2829: xenon-g++ --version >&5
xenon-g++ (GCC) 4.6.1
Copyright (C) 2011 Free Software Foundation, Inc.
This is free software; see the source for copying conditions.  There is NO
warranty; not even for MERCHANTABILITY or FITNESS FOR A PARTICULAR PURPOSE.

configure:2832: $? = 0
configure:2839: xenon-g++ -v >&5
Using built-in specs.
COLLECT_GCC=xenon-g++
COLLECT_LTO_WRAPPER=/usr/local/xenon/libexec/gcc/xenon/4.6.1/lto-wrapper
Target: xenon
Configured with: ../gcc-4.6.1/configure --target=xenon --prefix=/usr/local/xenon --with-libiconv-prefix=/opt/local --with-cpu=cell --with-gmp=/opt/local --with-mpfr=/opt/local --disable-decimal-float --disable-libquadmath --enable-languages=c,c++ --disable-libssp --with-newlib --enable-cxx-flags=-G0 --disable-libmudflap --disable-nls --disable-shared --disable-linux-futex --enable-altivec --disable-threads --disable-libgomp
Thread model: single
gcc version 4.6.1 (GCC) 
configure:2842: $? = 0
configure:2849: xenon-g++ -V >&5
xenon-g++: error: unrecognized option '-V'
xenon-g++: fatal error: no input files
compilation terminated.
configure:2852: $? = 1
configure:2855: checking whether we are using the GNU C++ compiler
configure:2884: xenon-g++ -c   conftest.cpp >&5
configure:2890: $? = 0
configure:2907: result: yes
configure:2912: checking whether xenon-g++ accepts -g
configure:2942: xenon-g++ -c -g  conftest.cpp >&5
configure:2948: $? = 0
configure:3047: result: yes
configure:3114: checking for a BSD-compatible install
configure:3170: result: /usr/bin/install -c
configure:3188: checking for xenon-ranlib
configure:3204: found /usr/local/xenon/bin/xenon-ranlib
configure:3215: result: xenon-ranlib
configure:3284: checking for xenon-ar
configure:3302: found /usr/local/xenon/bin/xenon-ar
configure:3314: result: /usr/local/xenon/bin/xenon-ar
configure:3385: checking for cp
configure:3403: found /bin/cp
configure:3415: result: /bin/cp
configure:3425: checking for ln
configure:3443: found /bin/ln
configure:3455: result: /bin/ln
configure:3465: checking for mkdir
configure:3483: found /bin/mkdir
configure:3495: result: /bin/mkdir
configure:3505: checking for rm
configure:3523: found /bin/rm
configure:3535: result: /bin/rm
configure:3556: checking for inline
configure:3582: xenon-gcc -c -mcpu=cell -mtune=cell -m32 -fno-pic -mpowerpc64 -I/usr/local/xenon/usr/include/  conftest.c >&5
configure:3588: $? = 0
configure:3606: result: inline
configure:3631: checking for strdup
configure:3687: xenon-gcc -o conftest -mcpu=cell -mtune=cell -m32 -fno-pic -mpowerpc64 -I/usr/local/xenon/usr/include/  -L/usr/local/xenon/usr/lib/ -L/usr/local/xenon/xenon/lib/32/ -lxenon -T/usr/local/xenon/app.lds -u read -u _start -u exc_base conftest.c  >&5
conftest.c:32:6: warning: conflicting types for built-in function 'strdup' [enabled by default]
configure:3693: $? = 0
configure:3711: result: yes
configure:3729: checking for snprintf
configure:3785: xenon-gcc -o conftest -mcpu=cell -mtune=cell -m32 -fno-pic -mpowerpc64 -I/usr/local/xenon/usr/include/  -L/usr/local/xenon/usr/lib/ -L/usr/local/xenon/xenon/lib/32/ -lxenon -T/usr/local/xenon/app.lds -u read -u _start -u exc_base conftest.c  >&5
conftest.c:33:6: warning: conflicting types for built-in function 'snprintf' [enabled by default]
configure:3791: $? = 0
configure:3809: result: yes
configure:3729: checking for vsnprintf
configure:3785: xenon-gcc -o conftest -mcpu=cell -mtune=cell -m32 -fno-pic -mpowerpc64 -I/usr/local/xenon/usr/include/  -L/usr/local/xenon/usr/lib/ -L/usr/local/xenon/xenon/lib/32/ -lxenon -T/usr/local/xenon/app.lds -u read -u _start -u exc_base conftest.c  >&5
conftest.c:34:6: warning: conflicting types for built-in function 'vsnprintf' [enabled by default]
configure:3791: $? = 0
configure:3809: result: yes
configure:3821: checking for long long int
configure:3872: result: yes
configure:3898: checking how to run the C preprocessor
configure:3938: xenon-gcc -E  conftest.c
configure:3944: $? = 0
configure:3975: xenon-gcc -E  conftest.c
conftest.c:13:28: fatal error: ac_nonexistent.h: No such file or directory
compilation terminated.
configure:3981: $? = 1
configure: failed program was:
| /* confdefs.h.  */
| #define PACKAGE_NAME ""
| #define PACKAGE_TARNAME ""
| #define PACKAGE_VERSION ""
| #define PACKAGE_STRING ""
| #define PACKAGE_BUGREPORT ""
| #define MXML_VERSION "Mini-XML v2.6"
| #define HAVE_STRDUP 1
| #define HAVE_SNPRINTF 1
| #define HAVE_VSNPRINTF 1
| #define HAVE_LONG_LONG 1
| /* end confdefs.h.  */
| #include <ac_nonexistent.h>
configure:4014: result: xenon-gcc -E
configure:4043: xenon-gcc -E  conftest.c
configure:4049: $? = 0
configure:4080: xenon-gcc -E  conftest.c
conftest.c:13:28: fatal error: ac_nonexistent.h: No such file or directory
compilation terminated.
configure:4086: $? = 1
configure: failed program was:
| /* confdefs.h.  */
| #define PACKAGE_NAME ""
| #define PACKAGE_TARNAME ""
| #define PACKAGE_VERSION ""
| #define PACKAGE_STRING ""
| #define PACKAGE_BUGREPORT ""
| #define MXML_VERSION "Mini-XML v2.6"
| #define HAVE_STRDUP 1
| #define HAVE_SNPRINTF 1
| #define HAVE_VSNPRINTF 1
| #define HAVE_LONG_LONG 1
| /* end confdefs.h.  */
| #include <ac_nonexistent.h>
configure:4124: checking for grep that handles long lines and -e
configure:4198: result: /bin/grep
configure:4203: checking for egrep
configure:4281: result: /bin/grep -E
configure:4286: checking for ANSI C header files
configure:4316: xenon-gcc -c -mcpu=cell -mtune=cell -m32 -fno-pic -mpowerpc64 -I/usr/local/xenon/usr/include/  conftest.c >&5
configure:4322: $? = 0
configure:4450: result: yes
configure:4474: checking for sys/types.h
configure:4495: xenon-gcc -c -mcpu=cell -mtune=cell -m32 -fno-pic -mpowerpc64 -I/usr/local/xenon/usr/include/  conftest.c >&5
configure:4501: $? = 0
configure:4517: result: yes
configure:4474: checking for sys/stat.h
configure:4495: xenon-gcc -c -mcpu=cell -mtune=cell -m32 -fno-pic -mpowerpc64 -I/usr/local/xenon/usr/include/  conftest.c >&5
configure:4501: $? = 0
configure:4517: result: yes
configure:4474: checking for stdlib.h
configure:4495: xenon-gcc -c -mcpu=cell -mtune=cell -m32 -fno-pic -mpowerpc64 -I/usr/local/xenon/usr/include/  conftest.c >&5
configure:4501: $? = 0
configure:4517: result: yes
configure:4474: checking for string.h
configure:4495: xenon-gcc -c -mcpu=cell -mtune=cell -m32 -fno-pic -mpowerpc64 -I/usr/local/xenon/usr/include/  conftest.c >&5
configure:4501: $? = 0
configure:4517: result: yes
configure:4474: checking for memory.h
configure:4495: xenon-gcc -c -mcpu=cell -mtune=cell -m32 -fno-pic -mpowerpc64 -I/usr/local/xenon/usr/include/  conftest.c >&5
conftest.c:52:20: fatal error: memory.h: No such file or directory
compilation terminated.
configure:4501: $? = 1
configure: failed program was:
| /* confdefs.h.  */
| #define PACKAGE_NAME ""
| #define PACKAGE_TARNAME ""
| #define PACKAGE_VERSION ""
| #define PACKAGE_STRING ""
| #define PACKAGE_BUGREPORT ""
| #define MXML_VERSION "Mini-XML v2.6"
| #define HAVE_STRDUP 1
| #define HAVE_SNPRINTF 1
| #define HAVE_VSNPRINTF 1
| #define HAVE_LONG_LONG 1
| #define STDC_HEADERS 1
| #define HAVE_SYS_TYPES_H 1
| #define HAVE_SYS_STAT_H 1
| #define HAVE_STDLIB_H 1
| #define HAVE_STRING_H 1
| /* end confdefs.h.  */
| #include <stdio.h>
| #ifdef HAVE_SYS_TYPES_H
| # include <sys/types.h>
| #endif
| #ifdef HAVE_SYS_STAT_H
| # include <sys/stat.h>
| #endif
| #ifdef STDC_HEADERS
| # include <stdlib.h>
| # include <stddef.h>
| #else
| # ifdef HAVE_STDLIB_H
| #  include <stdlib.h>
| # endif
| #endif
| #ifdef HAVE_STRING_H
| # if !defined STDC_HEADERS && defined HAVE_MEMORY_H
| #  include <memory.h>
| # endif
| # include <string.h>
| #endif
| #ifdef HAVE_STRINGS_H
| # include <strings.h>
| #endif
| #ifdef HAVE_INTTYPES_H
| # include <inttypes.h>
| #endif
| #ifdef HAVE_STDINT_H
| # include <stdint.h>
| #endif
| #ifdef HAVE_UNISTD_H
| # include <unistd.h>
| #endif
| 
| #include <memory.h>
configure:4517: result: no
configure:4474: checking for strings.h
configure:4495: xenon-gcc -c -mcpu=cell -mtune=cell -m32 -fno-pic -mpowerpc64 -I/usr/local/xenon/usr/include/  conftest.c >&5
conftest.c:52:21: fatal error: strings.h: No such file or directory
compilation terminated.
configure:4501: $? = 1
configure: failed program was:
| /* confdefs.h.  */
| #define PACKAGE_NAME ""
| #define PACKAGE_TARNAME ""
| #define PACKAGE_VERSION ""
| #define PACKAGE_STRING ""
| #define PACKAGE_BUGREPORT ""
| #define MXML_VERSION "Mini-XML v2.6"
| #define HAVE_STRDUP 1
| #define HAVE_SNPRINTF 1
| #define HAVE_VSNPRINTF 1
| #define HAVE_LONG_LONG 1
| #define STDC_HEADERS 1
| #define HAVE_SYS_TYPES_H 1
| #define HAVE_SYS_STAT_H 1
| #define HAVE_STDLIB_H 1
| #define HAVE_STRING_H 1
| /* end confdefs.h.  */
| #include <stdio.h>
| #ifdef HAVE_SYS_TYPES_H
| # include <sys/types.h>
| #endif
| #ifdef HAVE_SYS_STAT_H
| # include <sys/stat.h>
| #endif
| #ifdef STDC_HEADERS
| # include <stdlib.h>
| # include <stddef.h>
| #else
| # ifdef HAVE_STDLIB_H
| #  include <stdlib.h>
| # endif
| #endif
| #ifdef HAVE_STRING_H
| # if !defined STDC_HEADERS && defined HAVE_MEMORY_H
| #  include <memory.h>
| # endif
| # include <string.h>
| #endif
| #ifdef HAVE_STRINGS_H
| # include <strings.h>
| #endif
| #ifdef HAVE_INTTYPES_H
| # include <inttypes.h>
| #endif
| #ifdef HAVE_STDINT_H
| # include <stdint.h>
| #endif
| #ifdef HAVE_UNISTD_H
| # include <unistd.h>
| #endif
| 
| #include <strings.h>
configure:4517: result: no
configure:4474: checking for inttypes.h
configure:4495: xenon-gcc -c -mcpu=cell -mtune=cell -m32 -fno-pic -mpowerpc64 -I/usr/local/xenon/usr/include/  conftest.c >&5
configure:4501: $? = 0
configure:4517: result: yes
configure:4474: checking for stdint.h
configure:4495: xenon-gcc -c -mcpu=cell -mtune=cell -m32 -fno-pic -mpowerpc64 -I/usr/local/xenon/usr/include/  conftest.c >&5
configure:4501: $? = 0
configure:4517: result: yes
configure:4474: checking for unistd.h
configure:4495: xenon-gcc -c -mcpu=cell -mtune=cell -m32 -fno-pic -mpowerpc64 -I/usr/local/xenon/usr/include/  conftest.c >&5
configure:4501: $? = 0
configure:4517: result: yes
configure:4539: checking _pthread.h usability
configure:4556: xenon-gcc -c -mcpu=cell -mtune=cell -m32 -fno-pic -mpowerpc64 -I/usr/local/xenon/usr/include/  conftest.c >&5
conftest.c:54:22: fatal error: _pthread.h: No such file or directory
compilation terminated.
configure:4562: $? = 1
configure: failed program was:
| /* confdefs.h.  */
| #define PACKAGE_NAME ""
| #define PACKAGE_TARNAME ""
| #define PACKAGE_VERSION ""
| #define PACKAGE_STRING ""
| #define PACKAGE_BUGREPORT ""
| #define MXML_VERSION "Mini-XML v2.6"
| #define HAVE_STRDUP 1
| #define HAVE_SNPRINTF 1
| #define HAVE_VSNPRINTF 1
| #define HAVE_LONG_LONG 1
| #define STDC_HEADERS 1
| #define HAVE_SYS_TYPES_H 1
| #define HAVE_SYS_STAT_H 1
| #define HAVE_STDLIB_H 1
| #define HAVE_STRING_H 1
| #define HAVE_INTTYPES_H 1
| #define HAVE_STDINT_H 1
| #define HAVE_UNISTD_H 1
| /* end confdefs.h.  */
| #include <stdio.h>
| #ifdef HAVE_SYS_TYPES_H
| # include <sys/types.h>
| #endif
| #ifdef HAVE_SYS_STAT_H
| # include <sys/stat.h>
| #endif
| #ifdef STDC_HEADERS
| # include <stdlib.h>
| # include <stddef.h>
| #else
| # ifdef HAVE_STDLIB_H
| #  include <stdlib.h>
| # endif
| #endif
| #ifdef HAVE_STRING_H
| # if !defined STDC_HEADERS && defined HAVE_MEMORY_H
| #  include <memory.h>
| # endif
| # include <string.h>
| #endif
| #ifdef HAVE_STRINGS_H
| # include <strings.h>
| #endif
| #ifdef HAVE_INTTYPES_H
| # include <inttypes.h>
| #endif
| #ifdef HAVE_STDINT_H
| # include <stdint.h>
| #endif
| #ifdef HAVE_UNISTD_H
| # include <unistd.h>
| #endif
| #include <_pthread.h>
configure:4576: result: no
configure:4580: checking _pthread.h presence
configure:4595: xenon-gcc -E  conftest.c
conftest.c:21:22: fatal error: _pthread.h: No such file or directory
compilation terminated.
configure:4601: $? = 1
configure: failed program was:
| /* confdefs.h.  */
| #define PACKAGE_NAME ""
| #define PACKAGE_TARNAME ""
| #define PACKAGE_VERSION ""
| #define PACKAGE_STRING ""
| #define PACKAGE_BUGREPORT ""
| #define MXML_VERSION "Mini-XML v2.6"
| #define HAVE_STRDUP 1
| #define HAVE_SNPRINTF 1
| #define HAVE_VSNPRINTF 1
| #define HAVE_LONG_LONG 1
| #define STDC_HEADERS 1
| #define HAVE_SYS_TYPES_H 1
| #define HAVE_SYS_STAT_H 1
| #define HAVE_STDLIB_H 1
| #define HAVE_STRING_H 1
| #define HAVE_INTTYPES_H 1
| #define HAVE_STDINT_H 1
| #define HAVE_UNISTD_H 1
| /* end confdefs.h.  */
| #include <_pthread.h>
configure:4615: result: no
configure:4643: checking for _pthread.h
configure:4650: result: no
configure:5014: creating ./config.status

## ---------------- ##
## Cache variables. ##
## ---------------- ##

ac_cv_c_compiler_gnu=yes
ac_cv_c_inline=inline
ac_cv_c_long_long=yes
ac_cv_cxx_compiler_gnu=yes
ac_cv_env_CCC_set=
ac_cv_env_CCC_value=
ac_cv_env_CC_set=set
ac_cv_env_CC_value=xenon-gcc
ac_cv_env_CFLAGS_set=set
ac_cv_env_CFLAGS_value='-mcpu=cell -mtune=cell -m32 -fno-pic -mpowerpc64 -I/usr/local/xenon/usr/include/'
ac_cv_env_CPPFLAGS_set=
ac_cv_env_CPPFLAGS_value=
ac_cv_env_CPP_set=
ac_cv_env_CPP_value=
ac_cv_env_CXXFLAGS_set=
ac_cv_env_CXXFLAGS_value=
ac_cv_env_CXX_set=
ac_cv_env_CXX_value=
ac_cv_env_LDFLAGS_set=set
ac_cv_env_LDFLAGS_value='-L/usr/local/xenon/usr/lib/ -L/usr/local/xenon/xenon/lib/32/ -lxenon -T/usr/local/xenon/app.lds -u read -u _start -u exc_base'
ac_cv_env_LIBS_set=
ac_cv_env_LIBS_value=
ac_cv_env_build_alias_set=
ac_cv_env_build_alias_value=
ac_cv_env_host_alias_set=set
ac_cv_env_host_alias_value=xenon
ac_cv_env_target_alias_set=
ac_cv_env_target_alias_value=
ac_cv_func_snprintf=yes
ac_cv_func_strdup=yes
ac_cv_func_vsnprintf=yes
ac_cv_header_inttypes_h=yes
ac_cv_header_memory_h=no
ac_cv_header_pthread_h=no
ac_cv_header_stdc=yes
ac_cv_header_stdint_h=yes
ac_cv_header_stdlib_h=yes
ac_cv_header_string_h=yes
ac_cv_header_strings_h=no
ac_cv_header_sys_stat_h=yes
ac_cv_header_sys_types_h=yes
ac_cv_header_unistd_h=yes
ac_cv_objext=o
ac_cv_path_AR=/usr/local/xenon/bin/xenon-ar
ac_cv_path_CP=/bin/cp
ac_cv_path_EGREP='/bin/grep -E'
ac_cv_path_GREP=/bin/grep
ac_cv_path_LN=/bin/ln
ac_cv_path_MKDIR=/bin/mkdir
ac_cv_path_RM=/bin/rm
ac_cv_path_install='/usr/bin/install -c'
ac_cv_prog_CC=xenon-gcc
ac_cv_prog_CPP='xenon-gcc -E'
ac_cv_prog_CXX=xenon-g++
ac_cv_prog_RANLIB=xenon-ranlib
ac_cv_prog_cc_c89=
ac_cv_prog_cc_g=yes
ac_cv_prog_cxx_g=yes

## ----------------- ##
## Output variables. ##
## ----------------- ##

AR='/usr/local/xenon/bin/xenon-ar'
ARCHFLAGS=''
ARFLAGS='crvs'
CC='xenon-gcc'
CFLAGS='-Wall -mcpu=cell -mtune=cell -m32 -fno-pic -mpowerpc64 -I/usr/local/xenon/usr/include/'
CP='/bin/cp'
CPP='xenon-gcc -E'
CPPFLAGS=''
CXX='xenon-g++'
CXXFLAGS=''
DEFS='-DHAVE_CONFIG_H'
DSO=':'
DSOFLAGS=''
ECHO_C=''
ECHO_N='-n'
ECHO_T=''
EGREP='/bin/grep -E'
EXEEXT=''
GREP='/bin/grep'
INSTALL_DATA='${INSTALL} -m 644'
INSTALL_PROGRAM='${INSTALL}'
INSTALL_SCRIPT='${INSTALL}'
LDFLAGS='-L/usr/local/xenon/usr/lib/ -L/usr/local/xenon/xenon/lib/32/ -lxenon -T/usr/local/xenon/app.lds -u read -u _start -u exc_base'
LIBMXML='libmxml.a'
LIBOBJS=''
LIBS=''
LN='/bin/ln'
LTLIBOBJS=''
MKDIR='/bin/mkdir'
OBJEXT='o'
OPTIM='-Os -g'
PACKAGE_BUGREPORT=''
PACKAGE_NAME=''
PACKAGE_STRING=''
PACKAGE_TARNAME=''
PACKAGE_VERSION=''
PATH_SEPARATOR=':'
PC_CFLAGS='-I${prefix}/include'
PC_LIBS='-L${exec_prefix}/lib -lmxml'
PICFLAG='0'
PTHREAD_FLAGS=''
PTHREAD_LIBS=''
RANLIB='xenon-ranlib'
RM='/bin/rm'
SHELL='/bin/bash'
VERSION='2.6'
ac_ct_CC=''
ac_ct_CXX=''
bindir='${exec_prefix}/bin'
build_alias=''
datadir='${datarootdir}'
datarootdir='${prefix}/share'
docdir='${datarootdir}/doc/mxml'
dvidir='${docdir}'
exec_prefix='/usr/local/xenon/usr'
host_alias='xenon'
htmldir='${docdir}'
includedir='${prefix}/include'
infodir='${datarootdir}/info'
libdir='${exec_prefix}/lib'
libexecdir='${exec_prefix}/libexec'
localedir='${datarootdir}/locale'
localstatedir='${prefix}/var'
mandir='${datarootdir}/man'
oldincludedir='/usr/include'
pdfdir='${docdir}'
prefix='/usr/local/xenon/usr'
program_transform_name='s,x,x,'
psdir='${docdir}'
sbindir='${exec_prefix}/sbin'
sharedstatedir='${prefix}/com'
sysconfdir='${prefix}/etc'
target_alias=''

## ----------- ##
## confdefs.h. ##
## ----------- ##

#define PACKAGE_NAME ""
#define PACKAGE_TARNAME ""
#define PACKAGE_VERSION ""
#define PACKAGE_STRING ""
#define PACKAGE_BUGREPORT ""
#define MXML_VERSION "Mini-XML v2.6"
#define HAVE_STRDUP 1
#define HAVE_SNPRINTF 1
#define HAVE_VSNPRINTF 1
#define HAVE_LONG_LONG 1
#define STDC_HEADERS 1
#define HAVE_SYS_TYPES_H 1
#define HAVE_SYS_STAT_H 1
#define HAVE_STDLIB_H 1
#define HAVE_STRING_H 1
#define HAVE_INTTYPES_H 1
#define HAVE_STDINT_H 1
#define HAVE_UNISTD_H 1

configure: exit 0

## ---------------------- ##
## Running config.status. ##
## ---------------------- ##

This file was extended by config.status, which was
generated by GNU Autoconf 2.61.  Invocation command line was

  CONFIG_FILES    = 
  CONFIG_HEADERS  = 
  CONFIG_LINKS    = 
  CONFIG_COMMANDS = 
  $ ./config.status 

on debian

config.status:618: creating Makefile
config.status:618: creating mxml.list
config.status:618: creating mxml.pc
config.status:618: creating config.h
config.status:839: config.h is unchanged
